# JRE version: OpenJDK Runtime Environment Temurin-17.0.2+8 (17.0.2+8) (build 17.0.2+8)
# Java VM: OpenJDK 64-Bit Server VM Temurin-17.0.2+8 (17.0.2+8, mixed mode, tiered, compressed oops, compressed class ptrs, parallel gc, windows-amd64)
GC Precious Log:
 CPUs: 8 total, 8 available
 Memory: 8068M
 Large Page Support: Disabled
 NUMA Support: Disabled
 Compressed Oops: Enabled (32-bit)
 Alignments: Space 512K, Generation 512K, Heap 2M
 Heap Min Capacity: 100M
 Heap Initial Capacity: 100M
 Heap Max Capacity: 1G
 Pre-touch: Disabled
 Parallel Workers: 8
Heap:
 PSYoungGen      total 20480K, used 7157K [0x00000000eab00000, 0x00000000ec180000, 0x0000000100000000)
  eden space 19968K, 35% used [0x00000000eab00000,0x00000000eb1dd698,0x00000000ebe80000)
  from space 512K, 25% used [0x00000000ebf80000,0x00000000ebfa0000,0x00000000ec000000)
  to   space 1024K, 0% used [0x00000000ec080000,0x00000000ec080000,0x00000000ec180000)
 ParOldGen       total 68608K, used 33213K [0x00000000c0000000, 0x00000000c4300000, 0x00000000eab00000)
  object space 68608K, 48% used [0x00000000c0000000,0x00000000c206f680,0x00000000c4300000)
 Metaspace       used 62097K, committed 63104K, reserved 1105920K
  class space    used 6869K, committed 7360K, reserved 1048576K
GC Heap History (20 events):
Event: 38.049 GC heap before
{Heap before GC invocations=17 (full 2):
 PSYoungGen      total 24064K, used 23952K [0x00000000eab00000, 0x00000000ec500000, 0x0000000100000000)
  eden space 22016K, 100% used [0x00000000eab00000,0x00000000ec080000,0x00000000ec080000)
  from space 2048K, 94% used [0x00000000ec300000,0x00000000ec4e4010,0x00000000ec500000)
  to   space 2048K, 0% used [0x00000000ec080000,0x00000000ec080000,0x00000000ec280000)
 ParOldGen       total 68608K, used 18965K [0x00000000c0000000, 0x00000000c4300000, 0x00000000eab00000)
  object space 68608K, 27% used [0x00000000c0000000,0x00000000c12856b8,0x00000000c4300000)
 Metaspace       used 53927K, committed 54720K, reserved 1097728K
  class space    used 5958K, committed 6336K, reserved 1048576K
}
Event: 38.055 GC heap after
{Heap after GC invocations=17 (full 2):
 PSYoungGen      total 24064K, used 2016K [0x00000000eab00000, 0x00000000ec980000, 0x0000000100000000)
  eden space 22016K, 0% used [0x00000000eab00000,0x00000000eab00000,0x00000000ec080000)
  from space 2048K, 98% used [0x00000000ec080000,0x00000000ec278020,0x00000000ec280000)
  to   space 4608K, 0% used [0x00000000ec500000,0x00000000ec500000,0x00000000ec980000)
 ParOldGen       total 68608K, used 20860K [0x00000000c0000000, 0x00000000c4300000, 0x00000000eab00000)
  object space 68608K, 30% used [0x00000000c0000000,0x00000000c145f158,0x00000000c4300000)
 Metaspace       used 53927K, committed 54720K, reserved 1097728K
  class space    used 5958K, committed 6336K, reserved 1048576K
}
Event: 38.230 GC heap before
{Heap before GC invocations=18 (full 2):
 PSYoungGen      total 24064K, used 24032K [0x00000000eab00000, 0x00000000ec980000, 0x0000000100000000)
  eden space 22016K, 100% used [0x00000000eab00000,0x00000000ec080000,0x00000000ec080000)
  from space 2048K, 98% used [0x00000000ec080000,0x00000000ec278020,0x00000000ec280000)
  to   space 4608K, 0% used [0x00000000ec500000,0x00000000ec500000,0x00000000ec980000)
 ParOldGen       total 68608K, used 20860K [0x00000000c0000000, 0x00000000c4300000, 0x00000000eab00000)
  object space 68608K, 30% used [0x00000000c0000000,0x00000000c145f158,0x00000000c4300000)
 Metaspace       used 54051K, committed 54848K, reserved 1097728K
  class space    used 5963K, committed 6336K, reserved 1048576K
}
Event: 38.234 GC heap after
{Heap after GC invocations=18 (full 2):
 PSYoungGen      total 24576K, used 2240K [0x00000000eab00000, 0x00000000ec780000, 0x0000000100000000)
  eden space 22016K, 0% used [0x00000000eab00000,0x00000000eab00000,0x00000000ec080000)
  from space 2560K, 87% used [0x00000000ec500000,0x00000000ec730010,0x00000000ec780000)
  to   space 3072K, 0% used [0x00000000ec180000,0x00000000ec180000,0x00000000ec480000)
 ParOldGen       total 68608K, used 22836K [0x00000000c0000000, 0x00000000c4300000, 0x00000000eab00000)
  object space 68608K, 33% used [0x00000000c0000000,0x00000000c164d250,0x00000000c4300000)
 Metaspace       used 54051K, committed 54848K, reserved 1097728K
  class space    used 5963K, committed 6336K, reserved 1048576K
}
Event: 38.413 GC heap before
{Heap before GC invocations=19 (full 2):
 PSYoungGen      total 24576K, used 24256K [0x00000000eab00000, 0x00000000ec780000, 0x0000000100000000)
  eden space 22016K, 100% used [0x00000000eab00000,0x00000000ec080000,0x00000000ec080000)
  from space 2560K, 87% used [0x00000000ec500000,0x00000000ec730010,0x00000000ec780000)
  to   space 3072K, 0% used [0x00000000ec180000,0x00000000ec180000,0x00000000ec480000)
 ParOldGen       total 68608K, used 22836K [0x00000000c0000000, 0x00000000c4300000, 0x00000000eab00000)
  object space 68608K, 33% used [0x00000000c0000000,0x00000000c164d250,0x00000000c4300000)
 Metaspace       used 54154K, committed 54912K, reserved 1097728K
  class space    used 5979K, committed 6336K, reserved 1048576K
}
Event: 38.419 GC heap after
{Heap after GC invocations=19 (full 2):
 PSYoungGen      total 25088K, used 2816K [0x00000000eab00000, 0x00000000ec680000, 0x0000000100000000)
  eden space 22016K, 0% used [0x00000000eab00000,0x00000000eab00000,0x00000000ec080000)
  from space 3072K, 91% used [0x00000000ec180000,0x00000000ec440010,0x00000000ec480000)
  to   space 2048K, 0% used [0x00000000ec480000,0x00000000ec480000,0x00000000ec680000)
 ParOldGen       total 68608K, used 24980K [0x00000000c0000000, 0x00000000c4300000, 0x00000000eab00000)
  object space 68608K, 36% used [0x00000000c0000000,0x00000000c1865260,0x00000000c4300000)
 Metaspace       used 54154K, committed 54912K, reserved 1097728K
  class space    used 5979K, committed 6336K, reserved 1048576K
}
Event: 38.583 GC heap before
{Heap before GC invocations=20 (full 2):
 PSYoungGen      total 25088K, used 24832K [0x00000000eab00000, 0x00000000ec680000, 0x0000000100000000)
  eden space 22016K, 100% used [0x00000000eab00000,0x00000000ec080000,0x00000000ec080000)
  from space 3072K, 91% used [0x00000000ec180000,0x00000000ec440010,0x00000000ec480000)
  to   space 2048K, 0% used [0x00000000ec480000,0x00000000ec480000,0x00000000ec680000)
 ParOldGen       total 68608K, used 24980K [0x00000000c0000000, 0x00000000c4300000, 0x00000000eab00000)
  object space 68608K, 36% used [0x00000000c0000000,0x00000000c1865260,0x00000000c4300000)
 Metaspace       used 54192K, committed 54976K, reserved 1097728K
  class space    used 5984K, committed 6400K, reserved 1048576K
}
Event: 38.588 GC heap after
{Heap after GC invocations=20 (full 2):
 PSYoungGen      total 22016K, used 2016K [0x00000000eab00000, 0x00000000ecc80000, 0x0000000100000000)
  eden space 19968K, 0% used [0x00000000eab00000,0x00000000eab00000,0x00000000ebe80000)
  from space 2048K, 98% used [0x00000000ec480000,0x00000000ec678010,0x00000000ec680000)
  to   space 6144K, 0% used [0x00000000ebe80000,0x00000000ebe80000,0x00000000ec480000)
 ParOldGen       total 68608K, used 28243K [0x00000000c0000000, 0x00000000c4300000, 0x00000000eab00000)
  object space 68608K, 41% used [0x00000000c0000000,0x00000000c1b94e28,0x00000000c4300000)
 Metaspace       used 54192K, committed 54976K, reserved 1097728K
  class space    used 5984K, committed 6400K, reserved 1048576K
}
Event: 38.702 GC heap before
{Heap before GC invocations=21 (full 2):
 PSYoungGen      total 22016K, used 21984K [0x00000000eab00000, 0x00000000ecc80000, 0x0000000100000000)
  eden space 19968K, 100% used [0x00000000eab00000,0x00000000ebe80000,0x00000000ebe80000)
  from space 2048K, 98% used [0x00000000ec480000,0x00000000ec678010,0x00000000ec680000)
  to   space 6144K, 0% used [0x00000000ebe80000,0x00000000ebe80000,0x00000000ec480000)
 ParOldGen       total 68608K, used 28243K [0x00000000c0000000, 0x00000000c4300000, 0x00000000eab00000)
  object space 68608K, 41% used [0x00000000c0000000,0x00000000c1b94e28,0x00000000c4300000)
 Metaspace       used 54341K, committed 55168K, reserved 1097728K
  class space    used 6002K, committed 6400K, reserved 1048576K
}
Event: 38.709 GC heap after
{Heap after GC invocations=21 (full 2):
 PSYoungGen      total 22528K, used 2240K [0x00000000eab00000, 0x00000000ec580000, 0x0000000100000000)
  eden space 19968K, 0% used [0x00000000eab00000,0x00000000eab00000,0x00000000ebe80000)
  from space 2560K, 87% used [0x00000000ebe80000,0x00000000ec0b0000,0x00000000ec100000)
  to   space 3584K, 0% used [0x00000000ec200000,0x00000000ec200000,0x00000000ec580000)
 ParOldGen       total 68608K, used 30299K [0x00000000c0000000, 0x00000000c4300000, 0x00000000eab00000)
  object space 68608K, 44% used [0x00000000c0000000,0x00000000c1d96e38,0x00000000c4300000)
 Metaspace       used 54341K, committed 55168K, reserved 1097728K
  class space    used 6002K, committed 6400K, reserved 1048576K
}
Event: 39.556 GC heap before
{Heap before GC invocations=22 (full 2):
 PSYoungGen      total 22528K, used 22208K [0x00000000eab00000, 0x00000000ec580000, 0x0000000100000000)
  eden space 19968K, 100% used [0x00000000eab00000,0x00000000ebe80000,0x00000000ebe80000)
  from space 2560K, 87% used [0x00000000ebe80000,0x00000000ec0b0000,0x00000000ec100000)
  to   space 3584K, 0% used [0x00000000ec200000,0x00000000ec200000,0x00000000ec580000)
 ParOldGen       total 68608K, used 30299K [0x00000000c0000000, 0x00000000c4300000, 0x00000000eab00000)
  object space 68608K, 44% used [0x00000000c0000000,0x00000000c1d96e38,0x00000000c4300000)
 Metaspace       used 57203K, committed 58112K, reserved 1105920K
  class space    used 6353K, committed 6784K, reserved 1048576K
}
Event: 39.562 GC heap after
{Heap after GC invocations=22 (full 2):
 PSYoungGen      total 22016K, used 1923K [0x00000000eab00000, 0x00000000ec400000, 0x0000000100000000)
  eden space 19968K, 0% used [0x00000000eab00000,0x00000000eab00000,0x00000000ebe80000)
  from space 2048K, 93% used [0x00000000ec200000,0x00000000ec3e0eb0,0x00000000ec400000)
  to   space 2560K, 0% used [0x00000000ebf00000,0x00000000ebf00000,0x00000000ec180000)
 ParOldGen       total 68608K, used 32430K [0x00000000c0000000, 0x00000000c4300000, 0x00000000eab00000)
  object space 68608K, 47% used [0x00000000c0000000,0x00000000c1faba10,0x00000000c4300000)
 Metaspace       used 57203K, committed 58112K, reserved 1105920K
  class space    used 6353K, committed 6784K, reserved 1048576K
}
Event: 40.117 GC heap before
{Heap before GC invocations=23 (full 2):
 PSYoungGen      total 22016K, used 18676K [0x00000000eab00000, 0x00000000ec400000, 0x0000000100000000)
  eden space 19968K, 83% used [0x00000000eab00000,0x00000000ebb5c238,0x00000000ebe80000)
  from space 2048K, 93% used [0x00000000ec200000,0x00000000ec3e0eb0,0x00000000ec400000)
  to   space 2560K, 0% used [0x00000000ebf00000,0x00000000ebf00000,0x00000000ec180000)
 ParOldGen       total 68608K, used 32430K [0x00000000c0000000, 0x00000000c4300000, 0x00000000eab00000)
  object space 68608K, 47% used [0x00000000c0000000,0x00000000c1faba10,0x00000000c4300000)
 Metaspace       used 58880K, committed 59776K, reserved 1105920K
  class space    used 6572K, committed 7040K, reserved 1048576K
}
Event: 40.119 GC heap after
{Heap after GC invocations=23 (full 2):
 PSYoungGen      total 20992K, used 616K [0x00000000eab00000, 0x00000000ec280000, 0x0000000100000000)
  eden space 19968K, 0% used [0x00000000eab00000,0x00000000eab00000,0x00000000ebe80000)
  from space 1024K, 60% used [0x00000000ebf00000,0x00000000ebf9a3e0,0x00000000ec000000)
  to   space 1536K, 0% used [0x00000000ec100000,0x00000000ec100000,0x00000000ec280000)
 ParOldGen       total 68608K, used 33920K [0x00000000c0000000, 0x00000000c4300000, 0x00000000eab00000)
  object space 68608K, 49% used [0x00000000c0000000,0x00000000c21203e8,0x00000000c4300000)
 Metaspace       used 58880K, committed 59776K, reserved 1105920K
  class space    used 6572K, committed 7040K, reserved 1048576K
}
Event: 40.119 GC heap before
{Heap before GC invocations=24 (full 3):
 PSYoungGen      total 20992K, used 616K [0x00000000eab00000, 0x00000000ec280000, 0x0000000100000000)
  eden space 19968K, 0% used [0x00000000eab00000,0x00000000eab00000,0x00000000ebe80000)
  from space 1024K, 60% used [0x00000000ebf00000,0x00000000ebf9a3e0,0x00000000ec000000)
  to   space 1536K, 0% used [0x00000000ec100000,0x00000000ec100000,0x00000000ec280000)
 ParOldGen       total 68608K, used 33920K [0x00000000c0000000, 0x00000000c4300000, 0x00000000eab00000)
  object space 68608K, 49% used [0x00000000c0000000,0x00000000c21203e8,0x00000000c4300000)
 Metaspace       used 58880K, committed 59776K, reserved 1105920K
  class space    used 6572K, committed 7040K, reserved 1048576K
}
Event: 40.217 GC heap after
{Heap after GC invocations=24 (full 3):
 PSYoungGen      total 20992K, used 0K [0x00000000eab00000, 0x00000000ec280000, 0x0000000100000000)
  eden space 19968K, 0% used [0x00000000eab00000,0x00000000eab00000,0x00000000ebe80000)
  from space 1024K, 0% used [0x00000000ebf00000,0x00000000ebf00000,0x00000000ec000000)
  to   space 1536K, 0% used [0x00000000ec100000,0x00000000ec100000,0x00000000ec280000)
 ParOldGen       total 68608K, used 32853K [0x00000000c0000000, 0x00000000c4300000, 0x00000000eab00000)
  object space 68608K, 47% used [0x00000000c0000000,0x00000000c2015680,0x00000000c4300000)
 Metaspace       used 58880K, committed 59776K, reserved 1105920K
  class space    used 6572K, committed 7040K, reserved 1048576K
}
Event: 41.115 GC heap before
{Heap before GC invocations=25 (full 3):
 PSYoungGen      total 20992K, used 19816K [0x00000000eab00000, 0x00000000ec280000, 0x0000000100000000)
  eden space 19968K, 99% used [0x00000000eab00000,0x00000000ebe5a1c0,0x00000000ebe80000)
  from space 1024K, 0% used [0x00000000ebf00000,0x00000000ebf00000,0x00000000ec000000)
  to   space 1536K, 0% used [0x00000000ec100000,0x00000000ec100000,0x00000000ec280000)
 ParOldGen       total 68608K, used 32853K [0x00000000c0000000, 0x00000000c4300000, 0x00000000eab00000)
  object space 68608K, 47% used [0x00000000c0000000,0x00000000c2015680,0x00000000c4300000)
 Metaspace       used 60159K, committed 61120K, reserved 1105920K
  class space    used 6720K, committed 7168K, reserved 1048576K
}
Event: 41.117 GC heap after
{Heap after GC invocations=25 (full 3):
 PSYoungGen      total 21504K, used 1325K [0x00000000eab00000, 0x00000000ec280000, 0x0000000100000000)
  eden space 19968K, 0% used [0x00000000eab00000,0x00000000eab00000,0x00000000ebe80000)
  from space 1536K, 86% used [0x00000000ec100000,0x00000000ec24b418,0x00000000ec280000)
  to   space 1536K, 0% used [0x00000000ebf80000,0x00000000ebf80000,0x00000000ec100000)
 ParOldGen       total 68608K, used 32861K [0x00000000c0000000, 0x00000000c4300000, 0x00000000eab00000)
  object space 68608K, 47% used [0x00000000c0000000,0x00000000c2017680,0x00000000c4300000)
 Metaspace       used 60159K, committed 61120K, reserved 1105920K
  class space    used 6720K, committed 7168K, reserved 1048576K
}
Event: 41.397 GC heap before
{Heap before GC invocations=26 (full 3):
 PSYoungGen      total 21504K, used 21293K [0x00000000eab00000, 0x00000000ec280000, 0x0000000100000000)
  eden space 19968K, 100% used [0x00000000eab00000,0x00000000ebe80000,0x00000000ebe80000)
  from space 1536K, 86% used [0x00000000ec100000,0x00000000ec24b418,0x00000000ec280000)
  to   space 1536K, 0% used [0x00000000ebf80000,0x00000000ebf80000,0x00000000ec100000)
 ParOldGen       total 68608K, used 32861K [0x00000000c0000000, 0x00000000c4300000, 0x00000000eab00000)
  object space 68608K, 47% used [0x00000000c0000000,0x00000000c2017680,0x00000000c4300000)
 Metaspace       used 60412K, committed 61312K, reserved 1105920K
  class space    used 6729K, committed 7168K, reserved 1048576K
}
Event: 41.398 GC heap after
{Heap after GC invocations=26 (full 3):
 PSYoungGen      total 20480K, used 128K [0x00000000eab00000, 0x00000000ec180000, 0x0000000100000000)
  eden space 19968K, 0% used [0x00000000eab00000,0x00000000eab00000,0x00000000ebe80000)
  from space 512K, 25% used [0x00000000ebf80000,0x00000000ebfa0000,0x00000000ec000000)
  to   space 1024K, 0% used [0x00000000ec080000,0x00000000ec080000,0x00000000ec180000)
 ParOldGen       total 68608K, used 33213K [0x00000000c0000000, 0x00000000c4300000, 0x00000000eab00000)
  object space 68608K, 48% used [0x00000000c0000000,0x00000000c206f680,0x00000000c4300000)
 Metaspace       used 60412K, committed 61312K, reserved 1105920K
  class space    used 6729K, committed 7168K, reserved 1048576K
}

