# JRE version: OpenJDK Runtime Environment Temurin-17.0.2+8 (17.0.2+8) (build 17.0.2+8)
# Java VM: OpenJDK 64-Bit Server VM Temurin-17.0.2+8 (17.0.2+8, mixed mode, tiered, compressed oops, compressed class ptrs, parallel gc, windows-amd64)
GC Precious Log:
 CPUs: 8 total, 8 available
 Memory: 8068M
 Large Page Support: Disabled
 NUMA Support: Disabled
 Compressed Oops: Enabled (32-bit)
 Alignments: Space 512K, Generation 512K, Heap 2M
 Heap Min Capacity: 100M
 Heap Initial Capacity: 100M
 Heap Max Capacity: 1G
 Pre-touch: Disabled
 Parallel Workers: 8
Heap:
 PSYoungGen      total 21504K, used 6001K [0x00000000eab00000, 0x00000000ec280000, 0x0000000100000000)
  eden space 20992K, 28% used [0x00000000eab00000,0x00000000eb0dc6d8,0x00000000ebf80000)
  from space 512K, 0% used [0x00000000ec200000,0x00000000ec200000,0x00000000ec280000)
  to   space 512K, 0% used [0x00000000ec180000,0x00000000ec180000,0x00000000ec200000)
 ParOldGen       total 68608K, used 41025K [0x00000000c0000000, 0x00000000c4300000, 0x00000000eab00000)
  object space 68608K, 59% used [0x00000000c0000000,0x00000000c28104e0,0x00000000c4300000)
 Metaspace       used 59771K, committed 60672K, reserved 1105920K
  class space    used 6495K, committed 6912K, reserved 1048576K
GC Heap History (20 events):
Event: 9.449 GC heap before
{Heap before GC invocations=22 (full 2):
 PSYoungGen      total 23552K, used 23532K [0x00000000eab00000, 0x00000000eca80000, 0x0000000100000000)
  eden space 20992K, 100% used [0x00000000eab00000,0x00000000ebf80000,0x00000000ebf80000)
  from space 2560K, 99% used [0x00000000ebf80000,0x00000000ec1fb0e0,0x00000000ec200000)
  to   space 5632K, 0% used [0x00000000ec500000,0x00000000ec500000,0x00000000eca80000)
 ParOldGen       total 68608K, used 30068K [0x00000000c0000000, 0x00000000c4300000, 0x00000000eab00000)
  object space 68608K, 43% used [0x00000000c0000000,0x00000000c1d5d258,0x00000000c4300000)
 Metaspace       used 52444K, committed 53312K, reserved 1097728K
  class space    used 5712K, committed 6080K, reserved 1048576K
}
Event: 9.455 GC heap after
{Heap after GC invocations=22 (full 2):
 PSYoungGen      total 23552K, used 2144K [0x00000000eab00000, 0x00000000ec780000, 0x0000000100000000)
  eden space 20992K, 0% used [0x00000000eab00000,0x00000000eab00000,0x00000000ebf80000)
  from space 2560K, 83% used [0x00000000ec500000,0x00000000ec718010,0x00000000ec780000)
  to   space 3584K, 0% used [0x00000000ec080000,0x00000000ec080000,0x00000000ec400000)
 ParOldGen       total 68608K, used 32537K [0x00000000c0000000, 0x00000000c4300000, 0x00000000eab00000)
  object space 68608K, 47% used [0x00000000c0000000,0x00000000c1fc66d0,0x00000000c4300000)
 Metaspace       used 52444K, committed 53312K, reserved 1097728K
  class space    used 5712K, committed 6080K, reserved 1048576K
}
Event: 9.675 GC heap before
{Heap before GC invocations=23 (full 2):
 PSYoungGen      total 23552K, used 23136K [0x00000000eab00000, 0x00000000ec780000, 0x0000000100000000)
  eden space 20992K, 100% used [0x00000000eab00000,0x00000000ebf80000,0x00000000ebf80000)
  from space 2560K, 83% used [0x00000000ec500000,0x00000000ec718010,0x00000000ec780000)
  to   space 3584K, 0% used [0x00000000ec080000,0x00000000ec080000,0x00000000ec400000)
 ParOldGen       total 68608K, used 32537K [0x00000000c0000000, 0x00000000c4300000, 0x00000000eab00000)
  object space 68608K, 47% used [0x00000000c0000000,0x00000000c1fc66d0,0x00000000c4300000)
 Metaspace       used 52557K, committed 53440K, reserved 1097728K
  class space    used 5718K, committed 6080K, reserved 1048576K
}
Event: 9.680 GC heap after
{Heap after GC invocations=23 (full 2):
 PSYoungGen      total 23552K, used 2272K [0x00000000eab00000, 0x00000000ec580000, 0x0000000100000000)
  eden space 20992K, 0% used [0x00000000eab00000,0x00000000eab00000,0x00000000ebf80000)
  from space 2560K, 88% used [0x00000000ec080000,0x00000000ec2b8010,0x00000000ec300000)
  to   space 2560K, 0% used [0x00000000ec300000,0x00000000ec300000,0x00000000ec580000)
 ParOldGen       total 68608K, used 34521K [0x00000000c0000000, 0x00000000c4300000, 0x00000000eab00000)
  object space 68608K, 50% used [0x00000000c0000000,0x00000000c21b66d0,0x00000000c4300000)
 Metaspace       used 52557K, committed 53440K, reserved 1097728K
  class space    used 5718K, committed 6080K, reserved 1048576K
}
Event: 9.849 GC heap before
{Heap before GC invocations=24 (full 2):
 PSYoungGen      total 23552K, used 23264K [0x00000000eab00000, 0x00000000ec580000, 0x0000000100000000)
  eden space 20992K, 100% used [0x00000000eab00000,0x00000000ebf80000,0x00000000ebf80000)
  from space 2560K, 88% used [0x00000000ec080000,0x00000000ec2b8010,0x00000000ec300000)
  to   space 2560K, 0% used [0x00000000ec300000,0x00000000ec300000,0x00000000ec580000)
 ParOldGen       total 68608K, used 34521K [0x00000000c0000000, 0x00000000c4300000, 0x00000000eab00000)
  object space 68608K, 50% used [0x00000000c0000000,0x00000000c21b66d0,0x00000000c4300000)
 Metaspace       used 52559K, committed 53440K, reserved 1097728K
  class space    used 5718K, committed 6080K, reserved 1048576K
}
Event: 9.854 GC heap after
{Heap after GC invocations=24 (full 2):
 PSYoungGen      total 23552K, used 2336K [0x00000000eab00000, 0x00000000ec580000, 0x0000000100000000)
  eden space 20992K, 0% used [0x00000000eab00000,0x00000000eab00000,0x00000000ebf80000)
  from space 2560K, 91% used [0x00000000ec300000,0x00000000ec548000,0x00000000ec580000)
  to   space 2560K, 0% used [0x00000000ec080000,0x00000000ec080000,0x00000000ec300000)
 ParOldGen       total 68608K, used 36685K [0x00000000c0000000, 0x00000000c4300000, 0x00000000eab00000)
  object space 68608K, 53% used [0x00000000c0000000,0x00000000c23d35d8,0x00000000c4300000)
 Metaspace       used 52559K, committed 53440K, reserved 1097728K
  class space    used 5718K, committed 6080K, reserved 1048576K
}
Event: 10.184 GC heap before
{Heap before GC invocations=25 (full 2):
 PSYoungGen      total 23552K, used 23328K [0x00000000eab00000, 0x00000000ec580000, 0x0000000100000000)
  eden space 20992K, 100% used [0x00000000eab00000,0x00000000ebf80000,0x00000000ebf80000)
  from space 2560K, 91% used [0x00000000ec300000,0x00000000ec548000,0x00000000ec580000)
  to   space 2560K, 0% used [0x00000000ec080000,0x00000000ec080000,0x00000000ec300000)
 ParOldGen       total 68608K, used 36685K [0x00000000c0000000, 0x00000000c4300000, 0x00000000eab00000)
  object space 68608K, 53% used [0x00000000c0000000,0x00000000c23d35d8,0x00000000c4300000)
 Metaspace       used 52588K, committed 53440K, reserved 1097728K
  class space    used 5723K, committed 6080K, reserved 1048576K
}
Event: 10.189 GC heap after
{Heap after GC invocations=25 (full 2):
 PSYoungGen      total 23552K, used 2400K [0x00000000eab00000, 0x00000000ec480000, 0x0000000100000000)
  eden space 20992K, 0% used [0x00000000eab00000,0x00000000eab00000,0x00000000ebf80000)
  from space 2560K, 93% used [0x00000000ec080000,0x00000000ec2d8010,0x00000000ec300000)
  to   space 1536K, 0% used [0x00000000ec300000,0x00000000ec300000,0x00000000ec480000)
 ParOldGen       total 68608K, used 38885K [0x00000000c0000000, 0x00000000c4300000, 0x00000000eab00000)
  object space 68608K, 56% used [0x00000000c0000000,0x00000000c25f95d8,0x00000000c4300000)
 Metaspace       used 52588K, committed 53440K, reserved 1097728K
  class space    used 5723K, committed 6080K, reserved 1048576K
}
Event: 10.709 GC heap before
{Heap before GC invocations=26 (full 2):
 PSYoungGen      total 23552K, used 23385K [0x00000000eab00000, 0x00000000ec480000, 0x0000000100000000)
  eden space 20992K, 99% used [0x00000000eab00000,0x00000000ebf7e6a8,0x00000000ebf80000)
  from space 2560K, 93% used [0x00000000ec080000,0x00000000ec2d8010,0x00000000ec300000)
  to   space 1536K, 0% used [0x00000000ec300000,0x00000000ec300000,0x00000000ec480000)
 ParOldGen       total 68608K, used 38885K [0x00000000c0000000, 0x00000000c4300000, 0x00000000eab00000)
  object space 68608K, 56% used [0x00000000c0000000,0x00000000c25f95d8,0x00000000c4300000)
 Metaspace       used 53637K, committed 54528K, reserved 1097728K
  class space    used 5852K, committed 6272K, reserved 1048576K
}
Event: 10.713 GC heap after
{Heap after GC invocations=26 (full 2):
 PSYoungGen      total 22528K, used 1362K [0x00000000eab00000, 0x00000000ec480000, 0x0000000100000000)
  eden space 20992K, 0% used [0x00000000eab00000,0x00000000eab00000,0x00000000ebf80000)
  from space 1536K, 88% used [0x00000000ec300000,0x00000000ec454830,0x00000000ec480000)
  to   space 2048K, 0% used [0x00000000ec080000,0x00000000ec080000,0x00000000ec280000)
 ParOldGen       total 68608K, used 41181K [0x00000000c0000000, 0x00000000c4300000, 0x00000000eab00000)
  object space 68608K, 60% used [0x00000000c0000000,0x00000000c28375e8,0x00000000c4300000)
 Metaspace       used 53637K, committed 54528K, reserved 1097728K
  class space    used 5852K, committed 6272K, reserved 1048576K
}
Event: 11.163 GC heap before
{Heap before GC invocations=27 (full 2):
 PSYoungGen      total 22528K, used 22308K [0x00000000eab00000, 0x00000000ec480000, 0x0000000100000000)
  eden space 20992K, 99% used [0x00000000eab00000,0x00000000ebf74aa8,0x00000000ebf80000)
  from space 1536K, 88% used [0x00000000ec300000,0x00000000ec454830,0x00000000ec480000)
  to   space 2048K, 0% used [0x00000000ec080000,0x00000000ec080000,0x00000000ec280000)
 ParOldGen       total 68608K, used 41181K [0x00000000c0000000, 0x00000000c4300000, 0x00000000eab00000)
  object space 68608K, 60% used [0x00000000c0000000,0x00000000c28375e8,0x00000000c4300000)
 Metaspace       used 55439K, committed 56384K, reserved 1105920K
  class space    used 6101K, committed 6528K, reserved 1048576K
}
Event: 11.165 GC heap after
{Heap after GC invocations=27 (full 2):
 PSYoungGen      total 23040K, used 598K [0x00000000eab00000, 0x00000000ec380000, 0x0000000100000000)
  eden space 20992K, 0% used [0x00000000eab00000,0x00000000eab00000,0x00000000ebf80000)
  from space 2048K, 29% used [0x00000000ec080000,0x00000000ec115ba0,0x00000000ec280000)
  to   space 1024K, 0% used [0x00000000ec280000,0x00000000ec280000,0x00000000ec380000)
 ParOldGen       total 68608K, used 42349K [0x00000000c0000000, 0x00000000c4300000, 0x00000000eab00000)
  object space 68608K, 61% used [0x00000000c0000000,0x00000000c295b690,0x00000000c4300000)
 Metaspace       used 55439K, committed 56384K, reserved 1105920K
  class space    used 6101K, committed 6528K, reserved 1048576K
}
Event: 11.581 GC heap before
{Heap before GC invocations=28 (full 2):
 PSYoungGen      total 23040K, used 21590K [0x00000000eab00000, 0x00000000ec380000, 0x0000000100000000)
  eden space 20992K, 100% used [0x00000000eab00000,0x00000000ebf80000,0x00000000ebf80000)
  from space 2048K, 29% used [0x00000000ec080000,0x00000000ec115ba0,0x00000000ec280000)
  to   space 1024K, 0% used [0x00000000ec280000,0x00000000ec280000,0x00000000ec380000)
 ParOldGen       total 68608K, used 42349K [0x00000000c0000000, 0x00000000c4300000, 0x00000000eab00000)
  object space 68608K, 61% used [0x00000000c0000000,0x00000000c295b690,0x00000000c4300000)
 Metaspace       used 57154K, committed 58112K, reserved 1105920K
  class space    used 6235K, committed 6656K, reserved 1048576K
}
Event: 11.584 GC heap after
{Heap after GC invocations=28 (full 2):
 PSYoungGen      total 22016K, used 1017K [0x00000000eab00000, 0x00000000ec480000, 0x0000000100000000)
  eden space 20992K, 0% used [0x00000000eab00000,0x00000000eab00000,0x00000000ebf80000)
  from space 1024K, 99% used [0x00000000ec280000,0x00000000ec37e4e8,0x00000000ec380000)
  to   space 2560K, 0% used [0x00000000ebf80000,0x00000000ebf80000,0x00000000ec200000)
 ParOldGen       total 68608K, used 43193K [0x00000000c0000000, 0x00000000c4300000, 0x00000000eab00000)
  object space 68608K, 62% used [0x00000000c0000000,0x00000000c2a2e520,0x00000000c4300000)
 Metaspace       used 57154K, committed 58112K, reserved 1105920K
  class space    used 6235K, committed 6656K, reserved 1048576K
}
Event: 11.906 GC heap before
{Heap before GC invocations=29 (full 2):
 PSYoungGen      total 22016K, used 22009K [0x00000000eab00000, 0x00000000ec480000, 0x0000000100000000)
  eden space 20992K, 100% used [0x00000000eab00000,0x00000000ebf80000,0x00000000ebf80000)
  from space 1024K, 99% used [0x00000000ec280000,0x00000000ec37e4e8,0x00000000ec380000)
  to   space 2560K, 0% used [0x00000000ebf80000,0x00000000ebf80000,0x00000000ec200000)
 ParOldGen       total 68608K, used 43193K [0x00000000c0000000, 0x00000000c4300000, 0x00000000eab00000)
  object space 68608K, 62% used [0x00000000c0000000,0x00000000c2a2e520,0x00000000c4300000)
 Metaspace       used 58590K, committed 59584K, reserved 1105920K
  class space    used 6372K, committed 6848K, reserved 1048576K
}
Event: 11.909 GC heap after
{Heap after GC invocations=29 (full 2):
 PSYoungGen      total 23552K, used 352K [0x00000000eab00000, 0x00000000ec300000, 0x0000000100000000)
  eden space 20992K, 0% used [0x00000000eab00000,0x00000000eab00000,0x00000000ebf80000)
  from space 2560K, 13% used [0x00000000ebf80000,0x00000000ebfd8000,0x00000000ec200000)
  to   space 1024K, 0% used [0x00000000ec200000,0x00000000ec200000,0x00000000ec300000)
 ParOldGen       total 68608K, used 43513K [0x00000000c0000000, 0x00000000c4300000, 0x00000000eab00000)
  object space 68608K, 63% used [0x00000000c0000000,0x00000000c2a7e520,0x00000000c4300000)
 Metaspace       used 58590K, committed 59584K, reserved 1105920K
  class space    used 6372K, committed 6848K, reserved 1048576K
}
Event: 11.958 GC heap before
{Heap before GC invocations=30 (full 2):
 PSYoungGen      total 23552K, used 2280K [0x00000000eab00000, 0x00000000ec300000, 0x0000000100000000)
  eden space 20992K, 9% used [0x00000000eab00000,0x00000000eace2038,0x00000000ebf80000)
  from space 2560K, 13% used [0x00000000ebf80000,0x00000000ebfd8000,0x00000000ec200000)
  to   space 1024K, 0% used [0x00000000ec200000,0x00000000ec200000,0x00000000ec300000)
 ParOldGen       total 68608K, used 43513K [0x00000000c0000000, 0x00000000c4300000, 0x00000000eab00000)
  object space 68608K, 63% used [0x00000000c0000000,0x00000000c2a7e520,0x00000000c4300000)
 Metaspace       used 58866K, committed 59776K, reserved 1105920K
  class space    used 6407K, committed 6848K, reserved 1048576K
}
Event: 11.959 GC heap after
{Heap after GC invocations=30 (full 2):
 PSYoungGen      total 21504K, used 297K [0x00000000eab00000, 0x00000000ec280000, 0x0000000100000000)
  eden space 20992K, 0% used [0x00000000eab00000,0x00000000eab00000,0x00000000ebf80000)
  from space 512K, 58% used [0x00000000ec200000,0x00000000ec24a400,0x00000000ec280000)
  to   space 512K, 0% used [0x00000000ec180000,0x00000000ec180000,0x00000000ec200000)
 ParOldGen       total 68608K, used 43702K [0x00000000c0000000, 0x00000000c4300000, 0x00000000eab00000)
  object space 68608K, 63% used [0x00000000c0000000,0x00000000c2aad878,0x00000000c4300000)
 Metaspace       used 58866K, committed 59776K, reserved 1105920K
  class space    used 6407K, committed 6848K, reserved 1048576K
}
Event: 11.960 GC heap before
{Heap before GC invocations=31 (full 3):
 PSYoungGen      total 21504K, used 297K [0x00000000eab00000, 0x00000000ec280000, 0x0000000100000000)
  eden space 20992K, 0% used [0x00000000eab00000,0x00000000eab00000,0x00000000ebf80000)
  from space 512K, 58% used [0x00000000ec200000,0x00000000ec24a400,0x00000000ec280000)
  to   space 512K, 0% used [0x00000000ec180000,0x00000000ec180000,0x00000000ec200000)
 ParOldGen       total 68608K, used 43702K [0x00000000c0000000, 0x00000000c4300000, 0x00000000eab00000)
  object space 68608K, 63% used [0x00000000c0000000,0x00000000c2aad878,0x00000000c4300000)
 Metaspace       used 58866K, committed 59776K, reserved 1105920K
  class space    used 6407K, committed 6848K, reserved 1048576K
}
Event: 12.072 GC heap after
{Heap after GC invocations=31 (full 3):
 PSYoungGen      total 21504K, used 0K [0x00000000eab00000, 0x00000000ec280000, 0x0000000100000000)
  eden space 20992K, 0% used [0x00000000eab00000,0x00000000eab00000,0x00000000ebf80000)
  from space 512K, 0% used [0x00000000ec200000,0x00000000ec200000,0x00000000ec280000)
  to   space 512K, 0% used [0x00000000ec180000,0x00000000ec180000,0x00000000ec200000)
 ParOldGen       total 68608K, used 41025K [0x00000000c0000000, 0x00000000c4300000, 0x00000000eab00000)
  object space 68608K, 59% used [0x00000000c0000000,0x00000000c28104e0,0x00000000c4300000)
 Metaspace       used 58866K, committed 59776K, reserved 1105920K
  class space    used 6407K, committed 6848K, reserved 1048576K
}

