# JRE version: OpenJDK Runtime Environment Temurin-17.0.1+12 (17.0.1+12) (build 17.0.1+12)
# Java VM: OpenJDK 64-Bit Server VM Temurin-17.0.1+12 (17.0.1+12, mixed mode, tiered, compressed oops, compressed class ptrs, g1 gc, windows-amd64)
GC Precious Log:
 CPUs: 8 total, 8 available
 Memory: 8068M
 Large Page Support: Disabled
 NUMA Support: Disabled
 Compressed Oops: Enabled (32-bit)
 Heap Region Size: 1M
 Heap Min Capacity: 8M
 Heap Initial Capacity: 128M
 Heap Max Capacity: 2018M
 Pre-touch: Disabled
 Parallel Workers: 8
 Concurrent Workers: 2
 Concurrent Refinement Workers: 8
 Periodic GC: Disabled
Heap:
 garbage-first heap   total 71680K, used 56009K [0x0000000081e00000, 0x0000000100000000)
  region size 1024K, 33 young (33792K), 2 survivors (2048K)
 Metaspace       used 65067K, committed 65536K, reserved 1105920K
  class space    used 8186K, committed 8384K, reserved 1048576K
GC Heap History (20 events):
Event: 687.220 GC heap before
{Heap before GC invocations=26 (full 3):
 garbage-first heap   total 71680K, used 55319K [0x0000000081e00000, 0x0000000100000000)
  region size 1024K, 35 young (35840K), 0 survivors (0K)
 Metaspace       used 63528K, committed 64000K, reserved 1105920K
  class space    used 8086K, committed 8256K, reserved 1048576K
}
Event: 687.223 GC heap after
{Heap after GC invocations=27 (full 3):
 garbage-first heap   total 71680K, used 22666K [0x0000000081e00000, 0x0000000100000000)
  region size 1024K, 3 young (3072K), 3 survivors (3072K)
 Metaspace       used 63528K, committed 64000K, reserved 1105920K
  class space    used 8086K, committed 8256K, reserved 1048576K
}
Event: 687.275 GC heap before
{Heap before GC invocations=27 (full 3):
 garbage-first heap   total 71680K, used 54410K [0x0000000081e00000, 0x0000000100000000)
  region size 1024K, 35 young (35840K), 3 survivors (3072K)
 Metaspace       used 63556K, committed 64000K, reserved 1105920K
  class space    used 8086K, committed 8256K, reserved 1048576K
}
Event: 687.277 GC heap after
{Heap after GC invocations=28 (full 3):
 garbage-first heap   total 71680K, used 23396K [0x0000000081e00000, 0x0000000100000000)
  region size 1024K, 3 young (3072K), 3 survivors (3072K)
 Metaspace       used 63556K, committed 64000K, reserved 1105920K
  class space    used 8086K, committed 8256K, reserved 1048576K
}
Event: 755.310 GC heap before
{Heap before GC invocations=28 (full 3):
 garbage-first heap   total 71680K, used 44900K [0x0000000081e00000, 0x0000000100000000)
  region size 1024K, 25 young (25600K), 3 survivors (3072K)
 Metaspace       used 63889K, committed 64320K, reserved 1105920K
  class space    used 8104K, committed 8320K, reserved 1048576K
}
Event: 755.338 GC heap after
{Heap after GC invocations=29 (full 4):
 garbage-first heap   total 71680K, used 20700K [0x0000000081e00000, 0x0000000100000000)
  region size 1024K, 0 young (0K), 0 survivors (0K)
 Metaspace       used 63887K, committed 64320K, reserved 1105920K
  class space    used 8104K, committed 8320K, reserved 1048576K
}
Event: 755.565 GC heap before
{Heap before GC invocations=29 (full 4):
 garbage-first heap   total 71680K, used 55516K [0x0000000081e00000, 0x0000000100000000)
  region size 1024K, 35 young (35840K), 0 survivors (0K)
 Metaspace       used 63975K, committed 64448K, reserved 1105920K
  class space    used 8108K, committed 8320K, reserved 1048576K
}
Event: 755.567 GC heap after
{Heap after GC invocations=30 (full 4):
 garbage-first heap   total 71680K, used 22955K [0x0000000081e00000, 0x0000000100000000)
  region size 1024K, 3 young (3072K), 3 survivors (3072K)
 Metaspace       used 63975K, committed 64448K, reserved 1105920K
  class space    used 8108K, committed 8320K, reserved 1048576K
}
Event: 755.622 GC heap before
{Heap before GC invocations=30 (full 4):
 garbage-first heap   total 71680K, used 54699K [0x0000000081e00000, 0x0000000100000000)
  region size 1024K, 35 young (35840K), 3 survivors (3072K)
 Metaspace       used 63990K, committed 64448K, reserved 1105920K
  class space    used 8108K, committed 8320K, reserved 1048576K
}
Event: 755.624 GC heap after
{Heap after GC invocations=31 (full 4):
 garbage-first heap   total 71680K, used 23693K [0x0000000081e00000, 0x0000000100000000)
  region size 1024K, 3 young (3072K), 3 survivors (3072K)
 Metaspace       used 63990K, committed 64448K, reserved 1105920K
  class space    used 8108K, committed 8320K, reserved 1048576K
}
Event: 1777.423 GC heap before
{Heap before GC invocations=31 (full 4):
 garbage-first heap   total 71680K, used 57485K [0x0000000081e00000, 0x0000000100000000)
  region size 1024K, 36 young (36864K), 3 survivors (3072K)
 Metaspace       used 64878K, committed 65344K, reserved 1105920K
  class space    used 8185K, committed 8384K, reserved 1048576K
}
Event: 1777.433 GC heap after
{Heap after GC invocations=32 (full 4):
 garbage-first heap   total 71680K, used 25471K [0x0000000081e00000, 0x0000000100000000)
  region size 1024K, 4 young (4096K), 4 survivors (4096K)
 Metaspace       used 64878K, committed 65344K, reserved 1105920K
  class space    used 8185K, committed 8384K, reserved 1048576K
}
Event: 4698.049 GC heap before
{Heap before GC invocations=32 (full 4):
 garbage-first heap   total 71680K, used 56191K [0x0000000081e00000, 0x0000000100000000)
  region size 1024K, 34 young (34816K), 4 survivors (4096K)
 Metaspace       used 64954K, committed 65408K, reserved 1105920K
  class space    used 8185K, committed 8384K, reserved 1048576K
}
Event: 4698.052 GC heap after
{Heap after GC invocations=33 (full 4):
 garbage-first heap   total 71680K, used 25735K [0x0000000081e00000, 0x0000000100000000)
  region size 1024K, 3 young (3072K), 3 survivors (3072K)
 Metaspace       used 64954K, committed 65408K, reserved 1105920K
  class space    used 8185K, committed 8384K, reserved 1048576K
}
Event: 7661.602 GC heap before
{Heap before GC invocations=33 (full 4):
 garbage-first heap   total 71680K, used 56455K [0x0000000081e00000, 0x0000000100000000)
  region size 1024K, 33 young (33792K), 3 survivors (3072K)
 Metaspace       used 64974K, committed 65408K, reserved 1105920K
  class space    used 8185K, committed 8384K, reserved 1048576K
}
Event: 7661.605 GC heap after
{Heap after GC invocations=34 (full 4):
 garbage-first heap   total 71680K, used 25393K [0x0000000081e00000, 0x0000000100000000)
  region size 1024K, 2 young (2048K), 2 survivors (2048K)
 Metaspace       used 64974K, committed 65408K, reserved 1105920K
  class space    used 8185K, committed 8384K, reserved 1048576K
}
Event: 10730.628 GC heap before
{Heap before GC invocations=34 (full 4):
 garbage-first heap   total 71680K, used 58161K [0x0000000081e00000, 0x0000000100000000)
  region size 1024K, 34 young (34816K), 2 survivors (2048K)
 Metaspace       used 64999K, committed 65408K, reserved 1105920K
  class space    used 8186K, committed 8384K, reserved 1048576K
}
Event: 10730.632 GC heap after
{Heap after GC invocations=35 (full 4):
 garbage-first heap   total 71680K, used 25409K [0x0000000081e00000, 0x0000000100000000)
  region size 1024K, 3 young (3072K), 3 survivors (3072K)
 Metaspace       used 64999K, committed 65408K, reserved 1105920K
  class space    used 8186K, committed 8384K, reserved 1048576K
}
Event: 13760.561 GC heap before
{Heap before GC invocations=35 (full 4):
 garbage-first heap   total 71680K, used 58177K [0x0000000081e00000, 0x0000000100000000)
  region size 1024K, 35 young (35840K), 3 survivors (3072K)
 Metaspace       used 65032K, committed 65536K, reserved 1105920K
  class space    used 8186K, committed 8384K, reserved 1048576K
}
Event: 13760.563 GC heap after
{Heap after GC invocations=36 (full 4):
 garbage-first heap   total 71680K, used 25289K [0x0000000081e00000, 0x0000000100000000)
  region size 1024K, 2 young (2048K), 2 survivors (2048K)
 Metaspace       used 65032K, committed 65536K, reserved 1105920K
  class space    used 8186K, committed 8384K, reserved 1048576K
}

