# JRE version: OpenJDK Runtime Environment Temurin-17.0.2+8 (17.0.2+8) (build 17.0.2+8)
# Java VM: OpenJDK 64-Bit Server VM Temurin-17.0.2+8 (17.0.2+8, mixed mode, tiered, compressed oops, compressed class ptrs, parallel gc, windows-amd64)
GC Precious Log:
 CPUs: 8 total, 8 available
 Memory: 8068M
 Large Page Support: Disabled
 NUMA Support: Disabled
 Compressed Oops: Enabled (32-bit)
 Alignments: Space 512K, Generation 512K, Heap 2M
 Heap Min Capacity: 100M
 Heap Initial Capacity: 100M
 Heap Max Capacity: 1G
 Pre-touch: Disabled
 Parallel Workers: 8
Heap:
 PSYoungGen      total 20992K, used 17930K [0x00000000eab00000, 0x00000000ec100000, 0x0000000100000000)
  eden space 19456K, 85% used [0x00000000eab00000,0x00000000ebb4f0e8,0x00000000ebe00000)
  from space 1536K, 80% used [0x00000000ebe80000,0x00000000ebfb39b0,0x00000000ec000000)
  to   space 1024K, 0% used [0x00000000ec000000,0x00000000ec000000,0x00000000ec100000)
 ParOldGen       total 68608K, used 22612K [0x00000000c0000000, 0x00000000c4300000, 0x00000000eab00000)
  object space 68608K, 32% used [0x00000000c0000000,0x00000000c16150a0,0x00000000c4300000)
 Metaspace       used 39358K, committed 40000K, reserved 1089536K
  class space    used 4018K, committed 4288K, reserved 1048576K
GC Heap History (20 events):
Event: 20.490 GC heap before
{Heap before GC invocations=8 (full 1):
 PSYoungGen      total 26112K, used 26008K [0x00000000eab00000, 0x00000000ec800000, 0x0000000100000000)
  eden space 24576K, 100% used [0x00000000eab00000,0x00000000ec300000,0x00000000ec300000)
  from space 1536K, 93% used [0x00000000ec680000,0x00000000ec7e6060,0x00000000ec800000)
  to   space 2048K, 0% used [0x00000000ec400000,0x00000000ec400000,0x00000000ec600000)
 ParOldGen       total 68608K, used 6771K [0x00000000c0000000, 0x00000000c4300000, 0x00000000eab00000)
  object space 68608K, 9% used [0x00000000c0000000,0x00000000c069ce08,0x00000000c4300000)
 Metaspace       used 32680K, committed 33280K, reserved 1081344K
  class space    used 3291K, committed 3584K, reserved 1048576K
}
Event: 20.494 GC heap after
{Heap after GC invocations=8 (full 1):
 PSYoungGen      total 26112K, used 2043K [0x00000000eab00000, 0x00000000ec880000, 0x0000000100000000)
  eden space 24064K, 0% used [0x00000000eab00000,0x00000000eab00000,0x00000000ec280000)
  from space 2048K, 99% used [0x00000000ec400000,0x00000000ec5fec68,0x00000000ec600000)
  to   space 2560K, 0% used [0x00000000ec600000,0x00000000ec600000,0x00000000ec880000)
 ParOldGen       total 68608K, used 7483K [0x00000000c0000000, 0x00000000c4300000, 0x00000000eab00000)
  object space 68608K, 10% used [0x00000000c0000000,0x00000000c074ee18,0x00000000c4300000)
 Metaspace       used 32680K, committed 33280K, reserved 1081344K
  class space    used 3291K, committed 3584K, reserved 1048576K
}
Event: 21.537 GC heap before
{Heap before GC invocations=9 (full 1):
 PSYoungGen      total 26112K, used 26107K [0x00000000eab00000, 0x00000000ec880000, 0x0000000100000000)
  eden space 24064K, 100% used [0x00000000eab00000,0x00000000ec280000,0x00000000ec280000)
  from space 2048K, 99% used [0x00000000ec400000,0x00000000ec5fec68,0x00000000ec600000)
  to   space 2560K, 0% used [0x00000000ec600000,0x00000000ec600000,0x00000000ec880000)
 ParOldGen       total 68608K, used 7483K [0x00000000c0000000, 0x00000000c4300000, 0x00000000eab00000)
  object space 68608K, 10% used [0x00000000c0000000,0x00000000c074ee18,0x00000000c4300000)
 Metaspace       used 33458K, committed 33984K, reserved 1081344K
  class space    used 3385K, committed 3648K, reserved 1048576K
}
Event: 21.541 GC heap after
{Heap after GC invocations=9 (full 1):
 PSYoungGen      total 25088K, used 2534K [0x00000000eab00000, 0x00000000ecc00000, 0x0000000100000000)
  eden space 22528K, 0% used [0x00000000eab00000,0x00000000eab00000,0x00000000ec100000)
  from space 2560K, 99% used [0x00000000ec600000,0x00000000ec879bf0,0x00000000ec880000)
  to   space 5120K, 0% used [0x00000000ec100000,0x00000000ec100000,0x00000000ec600000)
 ParOldGen       total 68608K, used 9291K [0x00000000c0000000, 0x00000000c4300000, 0x00000000eab00000)
  object space 68608K, 13% used [0x00000000c0000000,0x00000000c0912e98,0x00000000c4300000)
 Metaspace       used 33458K, committed 33984K, reserved 1081344K
  class space    used 3385K, committed 3648K, reserved 1048576K
}
Event: 22.129 GC heap before
{Heap before GC invocations=10 (full 1):
 PSYoungGen      total 25088K, used 25062K [0x00000000eab00000, 0x00000000ecc00000, 0x0000000100000000)
  eden space 22528K, 100% used [0x00000000eab00000,0x00000000ec100000,0x00000000ec100000)
  from space 2560K, 99% used [0x00000000ec600000,0x00000000ec879bf0,0x00000000ec880000)
  to   space 5120K, 0% used [0x00000000ec100000,0x00000000ec100000,0x00000000ec600000)
 ParOldGen       total 68608K, used 9291K [0x00000000c0000000, 0x00000000c4300000, 0x00000000eab00000)
  object space 68608K, 13% used [0x00000000c0000000,0x00000000c0912e98,0x00000000c4300000)
 Metaspace       used 33527K, committed 34048K, reserved 1081344K
  class space    used 3385K, committed 3648K, reserved 1048576K
}
Event: 22.133 GC heap after
{Heap after GC invocations=10 (full 1):
 PSYoungGen      total 26624K, used 4371K [0x00000000eab00000, 0x00000000ec980000, 0x0000000100000000)
  eden space 22016K, 0% used [0x00000000eab00000,0x00000000eab00000,0x00000000ec080000)
  from space 4608K, 94% used [0x00000000ec100000,0x00000000ec544c48,0x00000000ec580000)
  to   space 4096K, 0% used [0x00000000ec580000,0x00000000ec580000,0x00000000ec980000)
 ParOldGen       total 68608K, used 9748K [0x00000000c0000000, 0x00000000c4300000, 0x00000000eab00000)
  object space 68608K, 14% used [0x00000000c0000000,0x00000000c0985390,0x00000000c4300000)
 Metaspace       used 33527K, committed 34048K, reserved 1081344K
  class space    used 3385K, committed 3648K, reserved 1048576K
}
Event: 22.274 GC heap before
{Heap before GC invocations=11 (full 1):
 PSYoungGen      total 26624K, used 26387K [0x00000000eab00000, 0x00000000ec980000, 0x0000000100000000)
  eden space 22016K, 100% used [0x00000000eab00000,0x00000000ec080000,0x00000000ec080000)
  from space 4608K, 94% used [0x00000000ec100000,0x00000000ec544c48,0x00000000ec580000)
  to   space 4096K, 0% used [0x00000000ec580000,0x00000000ec580000,0x00000000ec980000)
 ParOldGen       total 68608K, used 9748K [0x00000000c0000000, 0x00000000c4300000, 0x00000000eab00000)
  object space 68608K, 14% used [0x00000000c0000000,0x00000000c0985390,0x00000000c4300000)
 Metaspace       used 33577K, committed 34176K, reserved 1081344K
  class space    used 3398K, committed 3712K, reserved 1048576K
}
Event: 22.282 GC heap after
{Heap after GC invocations=11 (full 1):
 PSYoungGen      total 23552K, used 4064K [0x00000000eab00000, 0x00000000ecf80000, 0x0000000100000000)
  eden space 19456K, 0% used [0x00000000eab00000,0x00000000eab00000,0x00000000ebe00000)
  from space 4096K, 99% used [0x00000000ec580000,0x00000000ec978010,0x00000000ec980000)
  to   space 7680K, 0% used [0x00000000ebe00000,0x00000000ebe00000,0x00000000ec580000)
 ParOldGen       total 68608K, used 12584K [0x00000000c0000000, 0x00000000c4300000, 0x00000000eab00000)
  object space 68608K, 18% used [0x00000000c0000000,0x00000000c0c4a390,0x00000000c4300000)
 Metaspace       used 33577K, committed 34176K, reserved 1081344K
  class space    used 3398K, committed 3712K, reserved 1048576K
}
Event: 22.351 GC heap before
{Heap before GC invocations=12 (full 1):
 PSYoungGen      total 23552K, used 23419K [0x00000000eab00000, 0x00000000ecf80000, 0x0000000100000000)
  eden space 19456K, 99% used [0x00000000eab00000,0x00000000ebde6ca0,0x00000000ebe00000)
  from space 4096K, 99% used [0x00000000ec580000,0x00000000ec978010,0x00000000ec980000)
  to   space 7680K, 0% used [0x00000000ebe00000,0x00000000ebe00000,0x00000000ec580000)
 ParOldGen       total 68608K, used 12584K [0x00000000c0000000, 0x00000000c4300000, 0x00000000eab00000)
  object space 68608K, 18% used [0x00000000c0000000,0x00000000c0c4a390,0x00000000c4300000)
 Metaspace       used 33577K, committed 34176K, reserved 1081344K
  class space    used 3398K, committed 3712K, reserved 1048576K
}
Event: 22.358 GC heap after
{Heap after GC invocations=12 (full 1):
 PSYoungGen      total 22016K, used 2240K [0x00000000eab00000, 0x00000000ec600000, 0x0000000100000000)
  eden space 19456K, 0% used [0x00000000eab00000,0x00000000eab00000,0x00000000ebe00000)
  from space 2560K, 87% used [0x00000000ebe00000,0x00000000ec030000,0x00000000ec080000)
  to   space 4096K, 0% used [0x00000000ec200000,0x00000000ec200000,0x00000000ec600000)
 ParOldGen       total 68608K, used 16671K [0x00000000c0000000, 0x00000000c4300000, 0x00000000eab00000)
  object space 68608K, 24% used [0x00000000c0000000,0x00000000c1047f58,0x00000000c4300000)
 Metaspace       used 33577K, committed 34176K, reserved 1081344K
  class space    used 3398K, committed 3712K, reserved 1048576K
}
Event: 22.421 GC heap before
{Heap before GC invocations=13 (full 1):
 PSYoungGen      total 22016K, used 21696K [0x00000000eab00000, 0x00000000ec600000, 0x0000000100000000)
  eden space 19456K, 100% used [0x00000000eab00000,0x00000000ebe00000,0x00000000ebe00000)
  from space 2560K, 87% used [0x00000000ebe00000,0x00000000ec030000,0x00000000ec080000)
  to   space 4096K, 0% used [0x00000000ec200000,0x00000000ec200000,0x00000000ec600000)
 ParOldGen       total 68608K, used 16671K [0x00000000c0000000, 0x00000000c4300000, 0x00000000eab00000)
  object space 68608K, 24% used [0x00000000c0000000,0x00000000c1047f58,0x00000000c4300000)
 Metaspace       used 33577K, committed 34176K, reserved 1081344K
  class space    used 3398K, committed 3712K, reserved 1048576K
}
Event: 22.425 GC heap after
{Heap after GC invocations=13 (full 1):
 PSYoungGen      total 22016K, used 2272K [0x00000000eab00000, 0x00000000ec480000, 0x0000000100000000)
  eden space 19456K, 0% used [0x00000000eab00000,0x00000000eab00000,0x00000000ebe00000)
  from space 2560K, 88% used [0x00000000ec200000,0x00000000ec438010,0x00000000ec480000)
  to   space 2560K, 0% used [0x00000000ebe00000,0x00000000ebe00000,0x00000000ec080000)
 ParOldGen       total 68608K, used 18767K [0x00000000c0000000, 0x00000000c4300000, 0x00000000eab00000)
  object space 68608K, 27% used [0x00000000c0000000,0x00000000c1253f58,0x00000000c4300000)
 Metaspace       used 33577K, committed 34176K, reserved 1081344K
  class space    used 3398K, committed 3712K, reserved 1048576K
}
Event: 22.854 GC heap before
{Heap before GC invocations=14 (full 1):
 PSYoungGen      total 22016K, used 16355K [0x00000000eab00000, 0x00000000ec480000, 0x0000000100000000)
  eden space 19456K, 72% used [0x00000000eab00000,0x00000000eb8c0f60,0x00000000ebe00000)
  from space 2560K, 88% used [0x00000000ec200000,0x00000000ec438010,0x00000000ec480000)
  to   space 2560K, 0% used [0x00000000ebe00000,0x00000000ebe00000,0x00000000ec080000)
 ParOldGen       total 68608K, used 18767K [0x00000000c0000000, 0x00000000c4300000, 0x00000000eab00000)
  object space 68608K, 27% used [0x00000000c0000000,0x00000000c1253f58,0x00000000c4300000)
 Metaspace       used 35243K, committed 35840K, reserved 1081344K
  class space    used 3590K, committed 3840K, reserved 1048576K
}
Event: 22.857 GC heap after
{Heap after GC invocations=14 (full 1):
 PSYoungGen      total 22016K, used 1860K [0x00000000eab00000, 0x00000000ec300000, 0x0000000100000000)
  eden space 19456K, 0% used [0x00000000eab00000,0x00000000eab00000,0x00000000ebe00000)
  from space 2560K, 72% used [0x00000000ebe00000,0x00000000ebfd13d0,0x00000000ec080000)
  to   space 2560K, 0% used [0x00000000ec080000,0x00000000ec080000,0x00000000ec300000)
 ParOldGen       total 68608K, used 20930K [0x00000000c0000000, 0x00000000c4300000, 0x00000000eab00000)
  object space 68608K, 30% used [0x00000000c0000000,0x00000000c1470b40,0x00000000c4300000)
 Metaspace       used 35243K, committed 35840K, reserved 1081344K
  class space    used 3590K, committed 3840K, reserved 1048576K
}
Event: 22.857 GC heap before
{Heap before GC invocations=15 (full 2):
 PSYoungGen      total 22016K, used 1860K [0x00000000eab00000, 0x00000000ec300000, 0x0000000100000000)
  eden space 19456K, 0% used [0x00000000eab00000,0x00000000eab00000,0x00000000ebe00000)
  from space 2560K, 72% used [0x00000000ebe00000,0x00000000ebfd13d0,0x00000000ec080000)
  to   space 2560K, 0% used [0x00000000ec080000,0x00000000ec080000,0x00000000ec300000)
 ParOldGen       total 68608K, used 20930K [0x00000000c0000000, 0x00000000c4300000, 0x00000000eab00000)
  object space 68608K, 30% used [0x00000000c0000000,0x00000000c1470b40,0x00000000c4300000)
 Metaspace       used 35243K, committed 35840K, reserved 1081344K
  class space    used 3590K, committed 3840K, reserved 1048576K
}
Event: 22.906 GC heap after
{Heap after GC invocations=15 (full 2):
 PSYoungGen      total 22016K, used 0K [0x00000000eab00000, 0x00000000ec300000, 0x0000000100000000)
  eden space 19456K, 0% used [0x00000000eab00000,0x00000000eab00000,0x00000000ebe00000)
  from space 2560K, 0% used [0x00000000ebe00000,0x00000000ebe00000,0x00000000ec080000)
  to   space 2560K, 0% used [0x00000000ec080000,0x00000000ec080000,0x00000000ec300000)
 ParOldGen       total 68608K, used 22113K [0x00000000c0000000, 0x00000000c4300000, 0x00000000eab00000)
  object space 68608K, 32% used [0x00000000c0000000,0x00000000c15985c0,0x00000000c4300000)
 Metaspace       used 35243K, committed 35840K, reserved 1081344K
  class space    used 3590K, committed 3840K, reserved 1048576K
}
Event: 23.642 GC heap before
{Heap before GC invocations=16 (full 2):
 PSYoungGen      total 22016K, used 19456K [0x00000000eab00000, 0x00000000ec300000, 0x0000000100000000)
  eden space 19456K, 100% used [0x00000000eab00000,0x00000000ebe00000,0x00000000ebe00000)
  from space 2560K, 0% used [0x00000000ebe00000,0x00000000ebe00000,0x00000000ec080000)
  to   space 2560K, 0% used [0x00000000ec080000,0x00000000ec080000,0x00000000ec300000)
 ParOldGen       total 68608K, used 22113K [0x00000000c0000000, 0x00000000c4300000, 0x00000000eab00000)
  object space 68608K, 32% used [0x00000000c0000000,0x00000000c15985c0,0x00000000c4300000)
 Metaspace       used 36466K, committed 37120K, reserved 1089536K
  class space    used 3765K, committed 4032K, reserved 1048576K
}
Event: 23.644 GC heap after
{Heap after GC invocations=16 (full 2):
 PSYoungGen      total 20480K, used 615K [0x00000000eab00000, 0x00000000ec180000, 0x0000000100000000)
  eden space 19456K, 0% used [0x00000000eab00000,0x00000000eab00000,0x00000000ebe00000)
  from space 1024K, 60% used [0x00000000ec080000,0x00000000ec119c58,0x00000000ec180000)
  to   space 1536K, 0% used [0x00000000ebe80000,0x00000000ebe80000,0x00000000ec000000)
 ParOldGen       total 68608K, used 22121K [0x00000000c0000000, 0x00000000c4300000, 0x00000000eab00000)
  object space 68608K, 32% used [0x00000000c0000000,0x00000000c159a5c0,0x00000000c4300000)
 Metaspace       used 36466K, committed 37120K, reserved 1089536K
  class space    used 3765K, committed 4032K, reserved 1048576K
}
Event: 24.336 GC heap before
{Heap before GC invocations=17 (full 2):
 PSYoungGen      total 20480K, used 20071K [0x00000000eab00000, 0x00000000ec180000, 0x0000000100000000)
  eden space 19456K, 100% used [0x00000000eab00000,0x00000000ebe00000,0x00000000ebe00000)
  from space 1024K, 60% used [0x00000000ec080000,0x00000000ec119c58,0x00000000ec180000)
  to   space 1536K, 0% used [0x00000000ebe80000,0x00000000ebe80000,0x00000000ec000000)
 ParOldGen       total 68608K, used 22121K [0x00000000c0000000, 0x00000000c4300000, 0x00000000eab00000)
  object space 68608K, 32% used [0x00000000c0000000,0x00000000c159a5c0,0x00000000c4300000)
 Metaspace       used 37219K, committed 37888K, reserved 1089536K
  class space    used 3848K, committed 4160K, reserved 1048576K
}
Event: 24.338 GC heap after
{Heap after GC invocations=17 (full 2):
 PSYoungGen      total 20992K, used 1230K [0x00000000eab00000, 0x00000000ec100000, 0x0000000100000000)
  eden space 19456K, 0% used [0x00000000eab00000,0x00000000eab00000,0x00000000ebe00000)
  from space 1536K, 80% used [0x00000000ebe80000,0x00000000ebfb39b0,0x00000000ec000000)
  to   space 1024K, 0% used [0x00000000ec000000,0x00000000ec000000,0x00000000ec100000)
 ParOldGen       total 68608K, used 22612K [0x00000000c0000000, 0x00000000c4300000, 0x00000000eab00000)
  object space 68608K, 32% used [0x00000000c0000000,0x00000000c16150a0,0x00000000c4300000)
 Metaspace       used 37219K, committed 37888K, reserved 1089536K
  class space    used 3848K, committed 4160K, reserved 1048576K
}

